<?xml version="1.0" encoding="UTF-8"?>
<testsuite name="sample" tests="1" skipped="0" failures="0" errors="0" timestamp="2023-06-21T19:13:00" hostname="GEMGN-210089" time="0.387">
  <properties/>
  <testcase name="sample test" classname="sample" time="0.387"/>
  <system-out><![CDATA[Hello world
]]></system-out>
  <system-err><![CDATA[[Test worker] INFO io.cucumber.core.plugin.SerenityReporter - Running feature from file:///C:/Users/priyanshu.prajapati/jenkins-webhook/webhook_Gradle/src/test/resources/feature/sample.feature
[Test worker] WARN io.cucumber.core.plugin.SerenityReporter - Feature from file:///C:/Users/priyanshu.prajapati/jenkins-webhook/webhook_Gradle/src/test/resources/feature/sample.feature is not under the 'features' directory. Requirements report will not be correctly generated!
[Test worker] INFO  - 
  _____   ___   ___   _____     ___   _____     _     ___   _____   ___   ___  
 |_   _| | __| / __| |_   _|   / __| |_   _|   /_\   | _ \ |_   _| | __| |   \ 
   | |   | _|  \__ \   | |     \__ \   | |    / _ \  |   /   | |   | _|  | |) |
   |_|   |___| |___/   |_|     |___/   |_|   /_/ \_\ |_|_\   |_|   |___| |___/ 

sample test(sample;sample-test)
--------------------------------------------------------------------------------
[Test worker] INFO  - 
  _____   ___   ___   _____     ___     _     ___   ___   ___   ___  
 |_   _| | __| / __| |_   _|   | _ \   /_\   / __| / __| | __| |   \ 
   | |   | _|  \__ \   | |     |  _/  / _ \  \__ \ \__ \ | _|  | |) |
   |_|   |___| |___/   |_|     |_|   /_/ \_\ |___/ |___/ |___| |___/ 

sample test
----------------------------------------------------------------------
]]></system-err>
</testsuite>
